<?xml version="1.0" encoding="UTF-8"?>
<testsuite xmlns:xsi="http://www.w3.org/2001/XMLSchema-instance" xsi:noNamespaceSchemaLocation="https://maven.apache.org/surefire/maven-surefire-plugin/xsd/surefire-test-report-3.0.xsd" version="3.0" name="com.xiuzi.shortlink.admin.test.UserTableShardingTest" time="0.006" tests="0" errors="0" skipped="0" failures="0">
  <properties>
    <property name="java.specification.version" value="17"/>
    <property name="sun.jnu.encoding" value="UTF-8"/>
    <property name="java.class.path" value="/Users/aiji/Desktop/github-repo/shortlink/shortlink/admin/target/test-classes:/Users/aiji/Desktop/github-repo/shortlink/shortlink/admin/target/classes:/Users/aiji/.m2/repository/org/springframework/boot/spring-boot-starter-web/3.0.7/spring-boot-starter-web-3.0.7.jar:/Users/aiji/.m2/repository/org/springframework/boot/spring-boot-starter/3.0.7/spring-boot-starter-3.0.7.jar:/Users/aiji/.m2/repository/org/springframework/boot/spring-boot/3.0.7/spring-boot-3.0.7.jar:/Users/aiji/.m2/repository/org/springframework/boot/spring-boot-starter-logging/3.0.7/spring-boot-starter-logging-3.0.7.jar:/Users/aiji/.m2/repository/org/apache/logging/log4j/log4j-to-slf4j/2.19.0/log4j-to-slf4j-2.19.0.jar:/Users/aiji/.m2/repository/org/apache/logging/log4j/log4j-api/2.19.0/log4j-api-2.19.0.jar:/Users/aiji/.m2/repository/jakarta/annotation/jakarta.annotation-api/2.1.1/jakarta.annotation-api-2.1.1.jar:/Users/aiji/.m2/repository/org/springframework/spring-core/6.0.9/spring-core-6.0.9.jar:/Users/aiji/.m2/repository/org/springframework/spring-jcl/6.0.9/spring-jcl-6.0.9.jar:/Users/aiji/.m2/repository/org/yaml/snakeyaml/1.33/snakeyaml-1.33.jar:/Users/aiji/.m2/repository/org/springframework/boot/spring-boot-starter-json/3.0.7/spring-boot-starter-json-3.0.7.jar:/Users/aiji/.m2/repository/com/fasterxml/jackson/core/jackson-databind/2.14.3/jackson-databind-2.14.3.jar:/Users/aiji/.m2/repository/com/fasterxml/jackson/datatype/jackson-datatype-jdk8/2.14.3/jackson-datatype-jdk8-2.14.3.jar:/Users/aiji/.m2/repository/com/fasterxml/jackson/datatype/jackson-datatype-jsr310/2.14.3/jackson-datatype-jsr310-2.14.3.jar:/Users/aiji/.m2/repository/com/fasterxml/jackson/module/jackson-module-parameter-names/2.14.3/jackson-module-parameter-names-2.14.3.jar:/Users/aiji/.m2/repository/org/springframework/boot/spring-boot-starter-tomcat/3.0.7/spring-boot-starter-tomcat-3.0.7.jar:/Users/aiji/.m2/repository/org/apache/tomcat/embed/tomcat-embed-core/10.1.8/tomcat-embed-core-10.1.8.jar:/Users/aiji/.m2/repository/org/apache/tomcat/embed/tomcat-embed-el/10.1.8/tomcat-embed-el-10.1.8.jar:/Users/aiji/.m2/repository/org/apache/tomcat/embed/tomcat-embed-websocket/10.1.8/tomcat-embed-websocket-10.1.8.jar:/Users/aiji/.m2/repository/org/springframework/spring-web/6.0.9/spring-web-6.0.9.jar:/Users/aiji/.m2/repository/org/springframework/spring-beans/6.0.9/spring-beans-6.0.9.jar:/Users/aiji/.m2/repository/io/micrometer/micrometer-observation/1.10.7/micrometer-observation-1.10.7.jar:/Users/aiji/.m2/repository/io/micrometer/micrometer-commons/1.10.7/micrometer-commons-1.10.7.jar:/Users/aiji/.m2/repository/org/springframework/spring-webmvc/6.0.9/spring-webmvc-6.0.9.jar:/Users/aiji/.m2/repository/org/springframework/spring-aop/6.0.9/spring-aop-6.0.9.jar:/Users/aiji/.m2/repository/org/springframework/spring-context/6.0.9/spring-context-6.0.9.jar:/Users/aiji/.m2/repository/org/springframework/spring-expression/6.0.9/spring-expression-6.0.9.jar:/Users/aiji/.m2/repository/com/baomidou/mybatis-plus-boot-starter/3.5.3.1/mybatis-plus-boot-starter-3.5.3.1.jar:/Users/aiji/.m2/repository/com/baomidou/mybatis-plus/3.5.3.1/mybatis-plus-3.5.3.1.jar:/Users/aiji/.m2/repository/com/baomidou/mybatis-plus-extension/3.5.3.1/mybatis-plus-extension-3.5.3.1.jar:/Users/aiji/.m2/repository/com/baomidou/mybatis-plus-core/3.5.3.1/mybatis-plus-core-3.5.3.1.jar:/Users/aiji/.m2/repository/com/baomidou/mybatis-plus-annotation/3.5.3.1/mybatis-plus-annotation-3.5.3.1.jar:/Users/aiji/.m2/repository/com/github/jsqlparser/jsqlparser/4.4/jsqlparser-4.4.jar:/Users/aiji/.m2/repository/org/mybatis/mybatis/3.5.10/mybatis-3.5.10.jar:/Users/aiji/.m2/repository/org/mybatis/mybatis-spring/2.0.7/mybatis-spring-2.0.7.jar:/Users/aiji/.m2/repository/org/springframework/boot/spring-boot-autoconfigure/3.0.7/spring-boot-autoconfigure-3.0.7.jar:/Users/aiji/.m2/repository/com/mysql/mysql-connector-j/8.0.33/mysql-connector-j-8.0.33.jar:/Users/aiji/.m2/repository/org/springframework/boot/spring-boot-starter-jdbc/3.0.7/spring-boot-starter-jdbc-3.0.7.jar:/Users/aiji/.m2/repository/com/zaxxer/HikariCP/5.0.1/HikariCP-5.0.1.jar:/Users/aiji/.m2/repository/org/springframework/spring-jdbc/6.0.9/spring-jdbc-6.0.9.jar:/Users/aiji/.m2/repository/org/springframework/spring-tx/6.0.9/spring-tx-6.0.9.jar:/Users/aiji/.m2/repository/cn/hutool/hutool-all/5.8.20/hutool-all-5.8.20.jar:/Users/aiji/.m2/repository/org/springframework/boot/spring-boot-starter-data-redis/3.0.7/spring-boot-starter-data-redis-3.0.7.jar:/Users/aiji/.m2/repository/org/springframework/data/spring-data-redis/3.0.6/spring-data-redis-3.0.6.jar:/Users/aiji/.m2/repository/org/springframework/data/spring-data-keyvalue/3.0.6/spring-data-keyvalue-3.0.6.jar:/Users/aiji/.m2/repository/org/springframework/data/spring-data-commons/3.0.6/spring-data-commons-3.0.6.jar:/Users/aiji/.m2/repository/org/springframework/spring-oxm/6.0.9/spring-oxm-6.0.9.jar:/Users/aiji/.m2/repository/org/springframework/spring-context-support/6.0.9/spring-context-support-6.0.9.jar:/Users/aiji/.m2/repository/io/lettuce/lettuce-core/6.2.4.RELEASE/lettuce-core-6.2.4.RELEASE.jar:/Users/aiji/.m2/repository/io/netty/netty-common/4.1.92.Final/netty-common-4.1.92.Final.jar:/Users/aiji/.m2/repository/io/netty/netty-handler/4.1.92.Final/netty-handler-4.1.92.Final.jar:/Users/aiji/.m2/repository/io/netty/netty-transport-native-unix-common/4.1.92.Final/netty-transport-native-unix-common-4.1.92.Final.jar:/Users/aiji/.m2/repository/io/netty/netty-transport/4.1.92.Final/netty-transport-4.1.92.Final.jar:/Users/aiji/.m2/repository/org/redisson/redisson-spring-boot-starter/3.21.3/redisson-spring-boot-starter-3.21.3.jar:/Users/aiji/.m2/repository/org/springframework/boot/spring-boot-starter-actuator/3.0.7/spring-boot-starter-actuator-3.0.7.jar:/Users/aiji/.m2/repository/org/springframework/boot/spring-boot-actuator-autoconfigure/3.0.7/spring-boot-actuator-autoconfigure-3.0.7.jar:/Users/aiji/.m2/repository/org/springframework/boot/spring-boot-actuator/3.0.7/spring-boot-actuator-3.0.7.jar:/Users/aiji/.m2/repository/io/micrometer/micrometer-core/1.10.7/micrometer-core-1.10.7.jar:/Users/aiji/.m2/repository/org/hdrhistogram/HdrHistogram/2.1.12/HdrHistogram-2.1.12.jar:/Users/aiji/.m2/repository/org/latencyutils/LatencyUtils/2.0.3/LatencyUtils-2.0.3.jar:/Users/aiji/.m2/repository/org/redisson/redisson/3.21.3/redisson-3.21.3.jar:/Users/aiji/.m2/repository/io/netty/netty-codec/4.1.92.Final/netty-codec-4.1.92.Final.jar:/Users/aiji/.m2/repository/io/netty/netty-buffer/4.1.92.Final/netty-buffer-4.1.92.Final.jar:/Users/aiji/.m2/repository/io/netty/netty-resolver/4.1.92.Final/netty-resolver-4.1.92.Final.jar:/Users/aiji/.m2/repository/io/netty/netty-resolver-dns/4.1.92.Final/netty-resolver-dns-4.1.92.Final.jar:/Users/aiji/.m2/repository/io/netty/netty-codec-dns/4.1.92.Final/netty-codec-dns-4.1.92.Final.jar:/Users/aiji/.m2/repository/javax/cache/cache-api/1.1.1/cache-api-1.1.1.jar:/Users/aiji/.m2/repository/org/reactivestreams/reactive-streams/1.0.4/reactive-streams-1.0.4.jar:/Users/aiji/.m2/repository/io/reactivex/rxjava3/rxjava/3.1.6/rxjava-3.1.6.jar:/Users/aiji/.m2/repository/org/jboss/marshalling/jboss-marshalling/2.0.11.Final/jboss-marshalling-2.0.11.Final.jar:/Users/aiji/.m2/repository/org/jboss/marshalling/jboss-marshalling-river/2.0.11.Final/jboss-marshalling-river-2.0.11.Final.jar:/Users/aiji/.m2/repository/com/esotericsoftware/kryo/5.5.0/kryo-5.5.0.jar:/Users/aiji/.m2/repository/com/esotericsoftware/reflectasm/1.11.9/reflectasm-1.11.9.jar:/Users/aiji/.m2/repository/org/objenesis/objenesis/3.3/objenesis-3.3.jar:/Users/aiji/.m2/repository/com/esotericsoftware/minlog/1.3.1/minlog-1.3.1.jar:/Users/aiji/.m2/repository/com/fasterxml/jackson/core/jackson-annotations/2.14.3/jackson-annotations-2.14.3.jar:/Users/aiji/.m2/repository/com/fasterxml/jackson/dataformat/jackson-dataformat-yaml/2.14.3/jackson-dataformat-yaml-2.14.3.jar:/Users/aiji/.m2/repository/com/fasterxml/jackson/core/jackson-core/2.14.3/jackson-core-2.14.3.jar:/Users/aiji/.m2/repository/net/bytebuddy/byte-buddy/1.12.23/byte-buddy-1.12.23.jar:/Users/aiji/.m2/repository/org/jodd/jodd-bean/5.1.6/jodd-bean-5.1.6.jar:/Users/aiji/.m2/repository/org/jodd/jodd-core/5.1.6/jodd-core-5.1.6.jar:/Users/aiji/.m2/repository/org/redisson/redisson-spring-data-30/3.21.3/redisson-spring-data-30-3.21.3.jar:/Users/aiji/.m2/repository/org/apache/shardingsphere/shardingsphere-jdbc-core/5.3.2/shardingsphere-jdbc-core-5.3.2.jar:/Users/aiji/.m2/repository/org/apache/shardingsphere/shardingsphere-transaction-core/5.3.2/shardingsphere-transaction-core-5.3.2.jar:/Users/aiji/.m2/repository/org/apache/shardingsphere/shardingsphere-transaction-api/5.3.2/shardingsphere-transaction-api-5.3.2.jar:/Users/aiji/.m2/repository/org/apache/shardingsphere/shardingsphere-infra-executor/5.3.2/shardingsphere-infra-executor-5.3.2.jar:/Users/aiji/.m2/repository/com/alibaba/transmittable-thread-local/2.14.2/transmittable-thread-local-2.14.2.jar:/Users/aiji/.m2/repository/org/apache/shardingsphere/shardingsphere-sql-parser-sql92/5.3.2/shardingsphere-sql-parser-sql92-5.3.2.jar:/Users/aiji/.m2/repository/org/apache/shardingsphere/shardingsphere-sql-parser-engine/5.3.2/shardingsphere-sql-parser-engine-5.3.2.jar:/Users/aiji/.m2/repository/org/apache/shardingsphere/shardingsphere-sql-parser-spi/5.3.2/shardingsphere-sql-parser-spi-5.3.2.jar:/Users/aiji/.m2/repository/org/apache/shardingsphere/shardingsphere-sql-parser-statement/5.3.2/shardingsphere-sql-parser-statement-5.3.2.jar:/Users/aiji/.m2/repository/org/antlr/antlr4-runtime/4.10.1/antlr4-runtime-4.10.1.jar:/Users/aiji/.m2/repository/com/github/ben-manes/caffeine/caffeine/3.1.6/caffeine-3.1.6.jar:/Users/aiji/.m2/repository/com/google/errorprone/error_prone_annotations/2.18.0/error_prone_annotations-2.18.0.jar:/Users/aiji/.m2/repository/org/apache/shardingsphere/shardingsphere-sql-parser-mysql/5.3.2/shardingsphere-sql-parser-mysql-5.3.2.jar:/Users/aiji/.m2/repository/org/apache/shardingsphere/shardingsphere-sql-parser-postgresql/5.3.2/shardingsphere-sql-parser-postgresql-5.3.2.jar:/Users/aiji/.m2/repository/org/apache/shardingsphere/shardingsphere-sql-parser-oracle/5.3.2/shardingsphere-sql-parser-oracle-5.3.2.jar:/Users/aiji/.m2/repository/org/apache/shardingsphere/shardingsphere-sql-parser-sqlserver/5.3.2/shardingsphere-sql-parser-sqlserver-5.3.2.jar:/Users/aiji/.m2/repository/org/apache/shardingsphere/shardingsphere-sql-parser-opengauss/5.3.2/shardingsphere-sql-parser-opengauss-5.3.2.jar:/Users/aiji/.m2/repository/org/apache/shardingsphere/shardingsphere-mysql-dialect-exception/5.3.2/shardingsphere-mysql-dialect-exception-5.3.2.jar:/Users/aiji/.m2/repository/org/apache/shardingsphere/shardingsphere-dialect-exception-core/5.3.2/shardingsphere-dialect-exception-core-5.3.2.jar:/Users/aiji/.m2/repository/org/apache/shardingsphere/shardingsphere-postgresql-dialect-exception/5.3.2/shardingsphere-postgresql-dialect-exception-5.3.2.jar:/Users/aiji/.m2/repository/org/apache/shardingsphere/shardingsphere-authority-core/5.3.2/shardingsphere-authority-core-5.3.2.jar:/Users/aiji/.m2/repository/org/apache/shardingsphere/shardingsphere-authority-api/5.3.2/shardingsphere-authority-api-5.3.2.jar:/Users/aiji/.m2/repository/org/apache/shardingsphere/shardingsphere-single-core/5.3.2/shardingsphere-single-core-5.3.2.jar:/Users/aiji/.m2/repository/org/apache/shardingsphere/shardingsphere-single-api/5.3.2/shardingsphere-single-api-5.3.2.jar:/Users/aiji/.m2/repository/org/apache/shardingsphere/shardingsphere-infra-route/5.3.2/shardingsphere-infra-route-5.3.2.jar:/Users/aiji/.m2/repository/org/apache/shardingsphere/shardingsphere-traffic-core/5.3.2/shardingsphere-traffic-core-5.3.2.jar:/Users/aiji/.m2/repository/org/apache/shardingsphere/shardingsphere-infra-common/5.3.2/shardingsphere-infra-common-5.3.2.jar:/Users/aiji/.m2/repository/org/apache/shardingsphere/shardingsphere-infra-util/5.3.2/shardingsphere-infra-util-5.3.2.jar:/Users/aiji/.m2/repository/org/apache/shardingsphere/shardingsphere-infra-util-groovy/5.3.2/shardingsphere-infra-util-groovy-5.3.2.jar:/Users/aiji/.m2/repository/org/apache/groovy/groovy/4.0.12/groovy-4.0.12.jar:/Users/aiji/.m2/repository/org/graalvm/truffle/truffle-api/21.2.0/truffle-api-21.2.0.jar:/Users/aiji/.m2/repository/org/graalvm/sdk/graal-sdk/21.2.0/graal-sdk-21.2.0.jar:/Users/aiji/.m2/repository/org/apache/shardingsphere/shardingsphere-infra-binder/5.3.2/shardingsphere-infra-binder-5.3.2.jar:/Users/aiji/.m2/repository/org/apache/shardingsphere/shardingsphere-traffic-api/5.3.2/shardingsphere-traffic-api-5.3.2.jar:/Users/aiji/.m2/repository/org/apache/shardingsphere/shardingsphere-infra-context/5.3.2/shardingsphere-infra-context-5.3.2.jar:/Users/aiji/.m2/repository/org/apache/shardingsphere/shardingsphere-distsql-parser/5.3.2/shardingsphere-distsql-parser-5.3.2.jar:/Users/aiji/.m2/repository/org/apache/shardingsphere/shardingsphere-distsql-statement/5.3.2/shardingsphere-distsql-statement-5.3.2.jar:/Users/aiji/.m2/repository/org/apache/shardingsphere/shardingsphere-metadata-core/5.3.2/shardingsphere-metadata-core-5.3.2.jar:/Users/aiji/.m2/repository/org/apache/shardingsphere/shardingsphere-sql-translator-core/5.3.2/shardingsphere-sql-translator-core-5.3.2.jar:/Users/aiji/.m2/repository/org/apache/shardingsphere/shardingsphere-sql-translator-api/5.3.2/shardingsphere-sql-translator-api-5.3.2.jar:/Users/aiji/.m2/repository/org/apache/shardingsphere/shardingsphere-standalone-mode-core/5.3.2/shardingsphere-standalone-mode-core-5.3.2.jar:/Users/aiji/.m2/repository/org/apache/shardingsphere/shardingsphere-mode-core/5.3.2/shardingsphere-mode-core-5.3.2.jar:/Users/aiji/.m2/repository/org/apache/shardingsphere/shardingsphere-standalone-mode-repository-api/5.3.2/shardingsphere-standalone-mode-repository-api-5.3.2.jar:/Users/aiji/.m2/repository/org/apache/shardingsphere/shardingsphere-standalone-mode-repository-jdbc-h2/5.3.2/shardingsphere-standalone-mode-repository-jdbc-h2-5.3.2.jar:/Users/aiji/.m2/repository/org/apache/shardingsphere/shardingsphere-standalone-mode-repository-jdbc-core/5.3.2/shardingsphere-standalone-mode-repository-jdbc-core-5.3.2.jar:/Users/aiji/.m2/repository/org/apache/shardingsphere/shardingsphere-cluster-mode-core/5.3.2/shardingsphere-cluster-mode-core-5.3.2.jar:/Users/aiji/.m2/repository/org/apache/shardingsphere/shardingsphere-cluster-mode-repository-api/5.3.2/shardingsphere-cluster-mode-repository-api-5.3.2.jar:/Users/aiji/.m2/repository/org/apache/shardingsphere/shardingsphere-sharding-core/5.3.2/shardingsphere-sharding-core-5.3.2.jar:/Users/aiji/.m2/repository/org/apache/shardingsphere/shardingsphere-sharding-api/5.3.2/shardingsphere-sharding-api-5.3.2.jar:/Users/aiji/.m2/repository/org/apache/shardingsphere/shardingsphere-data-pipeline-api/5.3.2/shardingsphere-data-pipeline-api-5.3.2.jar:/Users/aiji/.m2/repository/org/apache/commons/commons-lang3/3.12.0/commons-lang3-3.12.0.jar:/Users/aiji/.m2/repository/org/apache/shardingsphere/shardingsphere-infra-rewrite/5.3.2/shardingsphere-infra-rewrite-5.3.2.jar:/Users/aiji/.m2/repository/org/apache/shardingsphere/shardingsphere-sql-translator-native-provider/5.3.2/shardingsphere-sql-translator-native-provider-5.3.2.jar:/Users/aiji/.m2/repository/org/apache/shardingsphere/shardingsphere-infra-merge/5.3.2/shardingsphere-infra-merge-5.3.2.jar:/Users/aiji/.m2/repository/org/apache/calcite/calcite-linq4j/1.32.0/calcite-linq4j-1.32.0.jar:/Users/aiji/.m2/repository/org/apiguardian/apiguardian-api/1.1.2/apiguardian-api-1.1.2.jar:/Users/aiji/.m2/repository/org/apache/calcite/avatica/avatica-core/1.22.0/avatica-core-1.22.0.jar:/Users/aiji/.m2/repository/org/apache/calcite/avatica/avatica-metrics/1.22.0/avatica-metrics-1.22.0.jar:/Users/aiji/.m2/repository/com/google/protobuf/protobuf-java/3.17.1/protobuf-java-3.17.1.jar:/Users/aiji/.m2/repository/org/apache/httpcomponents/client5/httpclient5/5.1.4/httpclient5-5.1.4.jar:/Users/aiji/.m2/repository/org/apache/httpcomponents/core5/httpcore5-h2/5.1.5/httpcore5-h2-5.1.5.jar:/Users/aiji/.m2/repository/org/apache/httpcomponents/core5/httpcore5/5.1.5/httpcore5-5.1.5.jar:/Users/aiji/.m2/repository/org/apache/shardingsphere/shardingsphere-time-service-core/5.3.2/shardingsphere-time-service-core-5.3.2.jar:/Users/aiji/.m2/repository/org/apache/shardingsphere/shardingsphere-time-service-api/5.3.2/shardingsphere-time-service-api-5.3.2.jar:/Users/aiji/.m2/repository/org/apache/shardingsphere/shardingsphere-system-time-service/5.3.2/shardingsphere-system-time-service-5.3.2.jar:/Users/aiji/.m2/repository/org/apache/shardingsphere/shardingsphere-sharding-cosid/5.3.2/shardingsphere-sharding-cosid-5.3.2.jar:/Users/aiji/.m2/repository/me/ahoo/cosid/cosid-core/1.16.0/cosid-core-1.16.0.jar:/Users/aiji/.m2/repository/org/apache/shardingsphere/shardingsphere-sharding-nanoid/5.3.2/shardingsphere-sharding-nanoid-5.3.2.jar:/Users/aiji/.m2/repository/com/aventrix/jnanoid/jnanoid/2.0.0/jnanoid-2.0.0.jar:/Users/aiji/.m2/repository/org/apache/shardingsphere/shardingsphere-sharding-cache/5.3.2/shardingsphere-sharding-cache-5.3.2.jar:/Users/aiji/.m2/repository/org/apache/shardingsphere/shardingsphere-readwrite-splitting-core/5.3.2/shardingsphere-readwrite-splitting-core-5.3.2.jar:/Users/aiji/.m2/repository/org/apache/shardingsphere/shardingsphere-readwrite-splitting-api/5.3.2/shardingsphere-readwrite-splitting-api-5.3.2.jar:/Users/aiji/.m2/repository/org/apache/shardingsphere/shardingsphere-db-discovery-core/5.3.2/shardingsphere-db-discovery-core-5.3.2.jar:/Users/aiji/.m2/repository/org/apache/shardingsphere/shardingsphere-db-discovery-api/5.3.2/shardingsphere-db-discovery-api-5.3.2.jar:/Users/aiji/.m2/repository/org/apache/shardingsphere/shardingsphere-db-discovery-mysql/5.3.2/shardingsphere-db-discovery-mysql-5.3.2.jar:/Users/aiji/.m2/repository/org/apache/shardingsphere/shardingsphere-db-discovery-opengauss/5.3.2/shardingsphere-db-discovery-opengauss-5.3.2.jar:/Users/aiji/.m2/repository/org/apache/shardingsphere/shardingsphere-schedule-core/5.3.2/shardingsphere-schedule-core-5.3.2.jar:/Users/aiji/.m2/repository/org/apache/shardingsphere/elasticjob/elasticjob-lite-core/3.0.2/elasticjob-lite-core-3.0.2.jar:/Users/aiji/.m2/repository/org/apache/shardingsphere/elasticjob/elasticjob-api/3.0.2/elasticjob-api-3.0.2.jar:/Users/aiji/.m2/repository/org/apache/shardingsphere/elasticjob/elasticjob-infra-common/3.0.2/elasticjob-infra-common-3.0.2.jar:/Users/aiji/.m2/repository/org/apache/shardingsphere/elasticjob/elasticjob-registry-center-api/3.0.2/elasticjob-registry-center-api-3.0.2.jar:/Users/aiji/.m2/repository/org/apache/shardingsphere/elasticjob/elasticjob-registry-center-zookeeper-curator/3.0.2/elasticjob-registry-center-zookeeper-curator-3.0.2.jar:/Users/aiji/.m2/repository/org/apache/curator/curator-framework/5.1.0/curator-framework-5.1.0.jar:/Users/aiji/.m2/repository/org/apache/curator/curator-client/5.1.0/curator-client-5.1.0.jar:/Users/aiji/.m2/repository/org/apache/zookeeper/zookeeper/3.6.0/zookeeper-3.6.0.jar:/Users/aiji/.m2/repository/org/apache/zookeeper/zookeeper-jute/3.6.0/zookeeper-jute-3.6.0.jar:/Users/aiji/.m2/repository/org/apache/yetus/audience-annotations/0.5.0/audience-annotations-0.5.0.jar:/Users/aiji/.m2/repository/io/netty/netty-transport-native-epoll/4.1.92.Final/netty-transport-native-epoll-4.1.92.Final.jar:/Users/aiji/.m2/repository/io/netty/netty-transport-classes-epoll/4.1.92.Final/netty-transport-classes-epoll-4.1.92.Final.jar:/Users/aiji/.m2/repository/log4j/log4j/1.2.17/log4j-1.2.17.jar:/Users/aiji/.m2/repository/org/apache/curator/curator-recipes/5.1.0/curator-recipes-5.1.0.jar:/Users/aiji/.m2/repository/org/apache/shardingsphere/elasticjob/elasticjob-simple-executor/3.0.2/elasticjob-simple-executor-3.0.2.jar:/Users/aiji/.m2/repository/org/apache/shardingsphere/elasticjob/elasticjob-executor-kernel/3.0.2/elasticjob-executor-kernel-3.0.2.jar:/Users/aiji/.m2/repository/org/apache/shardingsphere/elasticjob/elasticjob-error-handler-general/3.0.2/elasticjob-error-handler-general-3.0.2.jar:/Users/aiji/.m2/repository/org/apache/shardingsphere/elasticjob/elasticjob-error-handler-spi/3.0.2/elasticjob-error-handler-spi-3.0.2.jar:/Users/aiji/.m2/repository/org/apache/shardingsphere/elasticjob/elasticjob-dataflow-executor/3.0.2/elasticjob-dataflow-executor-3.0.2.jar:/Users/aiji/.m2/repository/org/apache/shardingsphere/elasticjob/elasticjob-script-executor/3.0.2/elasticjob-script-executor-3.0.2.jar:/Users/aiji/.m2/repository/org/apache/commons/commons-exec/1.3/commons-exec-1.3.jar:/Users/aiji/.m2/repository/org/apache/shardingsphere/elasticjob/elasticjob-http-executor/3.0.2/elasticjob-http-executor-3.0.2.jar:/Users/aiji/.m2/repository/org/apache/shardingsphere/elasticjob/elasticjob-tracing-rdb/3.0.2/elasticjob-tracing-rdb-3.0.2.jar:/Users/aiji/.m2/repository/org/apache/shardingsphere/elasticjob/elasticjob-tracing-api/3.0.2/elasticjob-tracing-api-3.0.2.jar:/Users/aiji/.m2/repository/org/quartz-scheduler/quartz/2.3.2/quartz-2.3.2.jar:/Users/aiji/.m2/repository/com/mchange/mchange-commons-java/0.2.15/mchange-commons-java-0.2.15.jar:/Users/aiji/.m2/repository/org/apache/shardingsphere/elasticjob/elasticjob-lite-lifecycle/3.0.2/elasticjob-lite-lifecycle-3.0.2.jar:/Users/aiji/.m2/repository/org/apache/shardingsphere/shardingsphere-encrypt-core/5.3.2/shardingsphere-encrypt-core-5.3.2.jar:/Users/aiji/.m2/repository/org/apache/shardingsphere/shardingsphere-encrypt-api/5.3.2/shardingsphere-encrypt-api-5.3.2.jar:/Users/aiji/.m2/repository/commons-codec/commons-codec/1.15/commons-codec-1.15.jar:/Users/aiji/.m2/repository/org/apache/shardingsphere/shardingsphere-encrypt-sm/5.3.2/shardingsphere-encrypt-sm-5.3.2.jar:/Users/aiji/.m2/repository/org/bouncycastle/bcprov-jdk15on/1.70/bcprov-jdk15on-1.70.jar:/Users/aiji/.m2/repository/org/apache/shardingsphere/shardingsphere-mask-core/5.3.2/shardingsphere-mask-core-5.3.2.jar:/Users/aiji/.m2/repository/org/apache/shardingsphere/shardingsphere-mask-api/5.3.2/shardingsphere-mask-api-5.3.2.jar:/Users/aiji/.m2/repository/org/apache/shardingsphere/shardingsphere-shadow-core/5.3.2/shardingsphere-shadow-core-5.3.2.jar:/Users/aiji/.m2/repository/org/apache/shardingsphere/shardingsphere-shadow-api/5.3.2/shardingsphere-shadow-api-5.3.2.jar:/Users/aiji/.m2/repository/org/apache/shardingsphere/shardingsphere-sql-federation-core/5.3.2/shardingsphere-sql-federation-core-5.3.2.jar:/Users/aiji/.m2/repository/org/apache/shardingsphere/shardingsphere-sql-federation-api/5.3.2/shardingsphere-sql-federation-api-5.3.2.jar:/Users/aiji/.m2/repository/org/apache/shardingsphere/shardingsphere-sql-federation-executor-advanced/5.3.2/shardingsphere-sql-federation-executor-advanced-5.3.2.jar:/Users/aiji/.m2/repository/org/apache/shardingsphere/shardingsphere-sql-federation-executor-core/5.3.2/shardingsphere-sql-federation-executor-core-5.3.2.jar:/Users/aiji/.m2/repository/org/apache/shardingsphere/shardingsphere-sql-federation-optimizer/5.3.2/shardingsphere-sql-federation-optimizer-5.3.2.jar:/Users/aiji/.m2/repository/org/apache/calcite/calcite-core/1.32.0/calcite-core-1.32.0.jar:/Users/aiji/.m2/repository/org/locationtech/jts/jts-core/1.19.0/jts-core-1.19.0.jar:/Users/aiji/.m2/repository/org/locationtech/jts/io/jts-io-common/1.19.0/jts-io-common-1.19.0.jar:/Users/aiji/.m2/repository/com/googlecode/json-simple/json-simple/1.1.1/json-simple-1.1.1.jar:/Users/aiji/.m2/repository/org/locationtech/proj4j/proj4j/1.1.5/proj4j-1.1.5.jar:/Users/aiji/.m2/repository/com/google/uzaygezen/uzaygezen-core/0.2/uzaygezen-core-0.2.jar:/Users/aiji/.m2/repository/com/jayway/jsonpath/json-path/2.7.0/json-path-2.7.0.jar:/Users/aiji/.m2/repository/net/minidev/json-smart/2.4.11/json-smart-2.4.11.jar:/Users/aiji/.m2/repository/net/minidev/accessors-smart/2.4.11/accessors-smart-2.4.11.jar:/Users/aiji/.m2/repository/org/ow2/asm/asm/9.3/asm-9.3.jar:/Users/aiji/.m2/repository/com/yahoo/datasketches/sketches-core/0.9.0/sketches-core-0.9.0.jar:/Users/aiji/.m2/repository/com/yahoo/datasketches/memory/0.9.0/memory-0.9.0.jar:/Users/aiji/.m2/repository/net/hydromatic/aggdesigner-algorithm/6.0/aggdesigner-algorithm-6.0.jar:/Users/aiji/.m2/repository/commons-lang/commons-lang/2.4/commons-lang-2.4.jar:/Users/aiji/.m2/repository/commons-logging/commons-logging/1.1.3/commons-logging-1.1.3.jar:/Users/aiji/.m2/repository/org/apache/commons/commons-dbcp2/2.9.0/commons-dbcp2-2.9.0.jar:/Users/aiji/.m2/repository/org/apache/commons/commons-pool2/2.11.1/commons-pool2-2.11.1.jar:/Users/aiji/.m2/repository/commons-io/commons-io/2.11.0/commons-io-2.11.0.jar:/Users/aiji/.m2/repository/org/codehaus/janino/commons-compiler/3.1.9/commons-compiler-3.1.9.jar:/Users/aiji/.m2/repository/org/codehaus/janino/janino/3.1.9/janino-3.1.9.jar:/Users/aiji/.m2/repository/com/google/code/gson/gson/2.9.1/gson-2.9.1.jar:/Users/aiji/.m2/repository/org/apache/shardingsphere/shardingsphere-sql-federation-executor-original/5.3.2/shardingsphere-sql-federation-executor-original-5.3.2.jar:/Users/aiji/.m2/repository/org/apache/shardingsphere/shardingsphere-parser-core/5.3.2/shardingsphere-parser-core-5.3.2.jar:/Users/aiji/.m2/repository/org/apache/shardingsphere/shardingsphere-parser-api/5.3.2/shardingsphere-parser-api-5.3.2.jar:/Users/aiji/.m2/repository/org/apache/shardingsphere/shardingsphere-infra-parser/5.3.2/shardingsphere-infra-parser-5.3.2.jar:/Users/aiji/.m2/repository/org/apache/shardingsphere/shardingsphere-logging-core/5.3.2/shardingsphere-logging-core-5.3.2.jar:/Users/aiji/.m2/repository/org/apache/shardingsphere/shardingsphere-logging-api/5.3.2/shardingsphere-logging-api-5.3.2.jar:/Users/aiji/.m2/repository/ch/qos/logback/logback-classic/1.4.7/logback-classic-1.4.7.jar:/Users/aiji/.m2/repository/ch/qos/logback/logback-core/1.4.7/logback-core-1.4.7.jar:/Users/aiji/.m2/repository/org/apache/commons/commons-collections4/4.4/commons-collections4-4.4.jar:/Users/aiji/.m2/repository/com/h2database/h2/2.1.214/h2-2.1.214.jar:/Users/aiji/.m2/repository/com/google/guava/guava/30.0-jre/guava-30.0-jre.jar:/Users/aiji/.m2/repository/com/google/guava/failureaccess/1.0.1/failureaccess-1.0.1.jar:/Users/aiji/.m2/repository/com/google/code/findbugs/jsr305/3.0.2/jsr305-3.0.2.jar:/Users/aiji/.m2/repository/org/checkerframework/checker-qual/3.5.0/checker-qual-3.5.0.jar:/Users/aiji/.m2/repository/org/slf4j/slf4j-api/2.0.7/slf4j-api-2.0.7.jar:/Users/aiji/.m2/repository/org/slf4j/jcl-over-slf4j/2.0.7/jcl-over-slf4j-2.0.7.jar:/Users/aiji/.m2/repository/org/slf4j/jul-to-slf4j/2.0.7/jul-to-slf4j-2.0.7.jar:/Users/aiji/.m2/repository/com/alibaba/fastjson2/fastjson2/2.0.36/fastjson2-2.0.36.jar:/Users/aiji/.m2/repository/com/alibaba/easyexcel/3.1.3/easyexcel-3.1.3.jar:/Users/aiji/.m2/repository/com/alibaba/easyexcel-core/3.1.3/easyexcel-core-3.1.3.jar:/Users/aiji/.m2/repository/com/alibaba/easyexcel-support/3.1.3/easyexcel-support-3.1.3.jar:/Users/aiji/.m2/repository/org/apache/poi/poi/4.1.2/poi-4.1.2.jar:/Users/aiji/.m2/repository/org/apache/commons/commons-math3/3.6.1/commons-math3-3.6.1.jar:/Users/aiji/.m2/repository/com/zaxxer/SparseBitSet/1.2/SparseBitSet-1.2.jar:/Users/aiji/.m2/repository/org/apache/poi/poi-ooxml/4.1.2/poi-ooxml-4.1.2.jar:/Users/aiji/.m2/repository/org/apache/commons/commons-compress/1.19/commons-compress-1.19.jar:/Users/aiji/.m2/repository/com/github/virtuald/curvesapi/1.06/curvesapi-1.06.jar:/Users/aiji/.m2/repository/org/apache/poi/poi-ooxml-schemas/4.1.2/poi-ooxml-schemas-4.1.2.jar:/Users/aiji/.m2/repository/org/apache/xmlbeans/xmlbeans/3.1.0/xmlbeans-3.1.0.jar:/Users/aiji/.m2/repository/org/apache/commons/commons-csv/1.8/commons-csv-1.8.jar:/Users/aiji/.m2/repository/org/ehcache/ehcache/3.9.9/ehcache-3.9.9.jar:/Users/aiji/.m2/repository/com/alibaba/cloud/spring-cloud-starter-alibaba-nacos-discovery/2022.0.0.0-RC2/spring-cloud-starter-alibaba-nacos-discovery-2022.0.0.0-RC2.jar:/Users/aiji/.m2/repository/com/alibaba/cloud/spring-cloud-alibaba-commons/2022.0.0.0-RC2/spring-cloud-alibaba-commons-2022.0.0.0-RC2.jar:/Users/aiji/.m2/repository/com/alibaba/nacos/nacos-client/2.2.1/nacos-client-2.2.1.jar:/Users/aiji/.m2/repository/com/alibaba/nacos/nacos-auth-plugin/2.2.1/nacos-auth-plugin-2.2.1.jar:/Users/aiji/.m2/repository/com/alibaba/nacos/nacos-encryption-plugin/2.2.1/nacos-encryption-plugin-2.2.1.jar:/Users/aiji/.m2/repository/org/apache/httpcomponents/httpasyncclient/4.1.5/httpasyncclient-4.1.5.jar:/Users/aiji/.m2/repository/org/apache/httpcomponents/httpcore/4.4.16/httpcore-4.4.16.jar:/Users/aiji/.m2/repository/org/apache/httpcomponents/httpcore-nio/4.4.16/httpcore-nio-4.4.16.jar:/Users/aiji/.m2/repository/org/apache/httpcomponents/httpclient/4.5.14/httpclient-4.5.14.jar:/Users/aiji/.m2/repository/io/prometheus/simpleclient/0.16.0/simpleclient-0.16.0.jar:/Users/aiji/.m2/repository/io/prometheus/simpleclient_tracer_otel/0.16.0/simpleclient_tracer_otel-0.16.0.jar:/Users/aiji/.m2/repository/io/prometheus/simpleclient_tracer_common/0.16.0/simpleclient_tracer_common-0.16.0.jar:/Users/aiji/.m2/repository/io/prometheus/simpleclient_tracer_otel_agent/0.16.0/simpleclient_tracer_otel_agent-0.16.0.jar:/Users/aiji/.m2/repository/com/alibaba/spring/spring-context-support/1.0.11/spring-context-support-1.0.11.jar:/Users/aiji/.m2/repository/org/springframework/cloud/spring-cloud-commons/4.0.3/spring-cloud-commons-4.0.3.jar:/Users/aiji/.m2/repository/org/springframework/security/spring-security-crypto/6.0.3/spring-security-crypto-6.0.3.jar:/Users/aiji/.m2/repository/org/springframework/cloud/spring-cloud-context/4.0.3/spring-cloud-context-4.0.3.jar:/Users/aiji/.m2/repository/org/springframework/cloud/spring-cloud-starter-openfeign/4.0.3/spring-cloud-starter-openfeign-4.0.3.jar:/Users/aiji/.m2/repository/org/springframework/cloud/spring-cloud-starter/4.0.3/spring-cloud-starter-4.0.3.jar:/Users/aiji/.m2/repository/org/springframework/security/spring-security-rsa/1.0.11.RELEASE/spring-security-rsa-1.0.11.RELEASE.jar:/Users/aiji/.m2/repository/org/bouncycastle/bcpkix-jdk15on/1.69/bcpkix-jdk15on-1.69.jar:/Users/aiji/.m2/repository/org/bouncycastle/bcutil-jdk15on/1.69/bcutil-jdk15on-1.69.jar:/Users/aiji/.m2/repository/org/springframework/cloud/spring-cloud-openfeign-core/4.0.3/spring-cloud-openfeign-core-4.0.3.jar:/Users/aiji/.m2/repository/org/springframework/boot/spring-boot-starter-aop/3.0.7/spring-boot-starter-aop-3.0.7.jar:/Users/aiji/.m2/repository/org/aspectj/aspectjweaver/1.9.19/aspectjweaver-1.9.19.jar:/Users/aiji/.m2/repository/io/github/openfeign/form/feign-form-spring/3.8.0/feign-form-spring-3.8.0.jar:/Users/aiji/.m2/repository/io/github/openfeign/form/feign-form/3.8.0/feign-form-3.8.0.jar:/Users/aiji/.m2/repository/commons-fileupload/commons-fileupload/1.4/commons-fileupload-1.4.jar:/Users/aiji/.m2/repository/io/github/openfeign/feign-core/12.3/feign-core-12.3.jar:/Users/aiji/.m2/repository/io/github/openfeign/feign-slf4j/12.3/feign-slf4j-12.3.jar:/Users/aiji/.m2/repository/org/springframework/cloud/spring-cloud-loadbalancer/4.0.3/spring-cloud-loadbalancer-4.0.3.jar:/Users/aiji/.m2/repository/io/projectreactor/reactor-core/3.5.6/reactor-core-3.5.6.jar:/Users/aiji/.m2/repository/io/projectreactor/addons/reactor-extra/3.5.1/reactor-extra-3.5.1.jar:/Users/aiji/.m2/repository/org/projectlombok/lombok/1.18.26/lombok-1.18.26.jar:"/>
    <property name="java.vm.vendor" value="Azul Systems, Inc."/>
    <property name="sun.arch.data.model" value="64"/>
    <property name="java.vendor.url" value="http://www.azul.com/"/>
    <property name="os.name" value="Mac OS X"/>
    <property name="java.vm.specification.version" value="17"/>
    <property name="sun.java.launcher" value="SUN_STANDARD"/>
    <property name="user.country" value="CN"/>
    <property name="sun.boot.library.path" value="/Users/aiji/Library/Java/JavaVirtualMachines/azul-17.0.12/Contents/Home/lib"/>
    <property name="sun.java.command" value="/Users/aiji/Desktop/github-repo/shortlink/shortlink/admin/target/surefire/surefirebooter-20240928165038534_3.jar /Users/aiji/Desktop/github-repo/shortlink/shortlink/admin/target/surefire 2024-09-28T16-50-34_442-jvmRun1 surefire-20240928165038534_1tmp surefire_0-20240928165038534_2tmp"/>
    <property name="jdk.debug" value="release"/>
    <property name="surefire.test.class.path" value="/Users/aiji/Desktop/github-repo/shortlink/shortlink/admin/target/test-classes:/Users/aiji/Desktop/github-repo/shortlink/shortlink/admin/target/classes:/Users/aiji/.m2/repository/org/springframework/boot/spring-boot-starter-web/3.0.7/spring-boot-starter-web-3.0.7.jar:/Users/aiji/.m2/repository/org/springframework/boot/spring-boot-starter/3.0.7/spring-boot-starter-3.0.7.jar:/Users/aiji/.m2/repository/org/springframework/boot/spring-boot/3.0.7/spring-boot-3.0.7.jar:/Users/aiji/.m2/repository/org/springframework/boot/spring-boot-starter-logging/3.0.7/spring-boot-starter-logging-3.0.7.jar:/Users/aiji/.m2/repository/org/apache/logging/log4j/log4j-to-slf4j/2.19.0/log4j-to-slf4j-2.19.0.jar:/Users/aiji/.m2/repository/org/apache/logging/log4j/log4j-api/2.19.0/log4j-api-2.19.0.jar:/Users/aiji/.m2/repository/jakarta/annotation/jakarta.annotation-api/2.1.1/jakarta.annotation-api-2.1.1.jar:/Users/aiji/.m2/repository/org/springframework/spring-core/6.0.9/spring-core-6.0.9.jar:/Users/aiji/.m2/repository/org/springframework/spring-jcl/6.0.9/spring-jcl-6.0.9.jar:/Users/aiji/.m2/repository/org/yaml/snakeyaml/1.33/snakeyaml-1.33.jar:/Users/aiji/.m2/repository/org/springframework/boot/spring-boot-starter-json/3.0.7/spring-boot-starter-json-3.0.7.jar:/Users/aiji/.m2/repository/com/fasterxml/jackson/core/jackson-databind/2.14.3/jackson-databind-2.14.3.jar:/Users/aiji/.m2/repository/com/fasterxml/jackson/datatype/jackson-datatype-jdk8/2.14.3/jackson-datatype-jdk8-2.14.3.jar:/Users/aiji/.m2/repository/com/fasterxml/jackson/datatype/jackson-datatype-jsr310/2.14.3/jackson-datatype-jsr310-2.14.3.jar:/Users/aiji/.m2/repository/com/fasterxml/jackson/module/jackson-module-parameter-names/2.14.3/jackson-module-parameter-names-2.14.3.jar:/Users/aiji/.m2/repository/org/springframework/boot/spring-boot-starter-tomcat/3.0.7/spring-boot-starter-tomcat-3.0.7.jar:/Users/aiji/.m2/repository/org/apache/tomcat/embed/tomcat-embed-core/10.1.8/tomcat-embed-core-10.1.8.jar:/Users/aiji/.m2/repository/org/apache/tomcat/embed/tomcat-embed-el/10.1.8/tomcat-embed-el-10.1.8.jar:/Users/aiji/.m2/repository/org/apache/tomcat/embed/tomcat-embed-websocket/10.1.8/tomcat-embed-websocket-10.1.8.jar:/Users/aiji/.m2/repository/org/springframework/spring-web/6.0.9/spring-web-6.0.9.jar:/Users/aiji/.m2/repository/org/springframework/spring-beans/6.0.9/spring-beans-6.0.9.jar:/Users/aiji/.m2/repository/io/micrometer/micrometer-observation/1.10.7/micrometer-observation-1.10.7.jar:/Users/aiji/.m2/repository/io/micrometer/micrometer-commons/1.10.7/micrometer-commons-1.10.7.jar:/Users/aiji/.m2/repository/org/springframework/spring-webmvc/6.0.9/spring-webmvc-6.0.9.jar:/Users/aiji/.m2/repository/org/springframework/spring-aop/6.0.9/spring-aop-6.0.9.jar:/Users/aiji/.m2/repository/org/springframework/spring-context/6.0.9/spring-context-6.0.9.jar:/Users/aiji/.m2/repository/org/springframework/spring-expression/6.0.9/spring-expression-6.0.9.jar:/Users/aiji/.m2/repository/com/baomidou/mybatis-plus-boot-starter/3.5.3.1/mybatis-plus-boot-starter-3.5.3.1.jar:/Users/aiji/.m2/repository/com/baomidou/mybatis-plus/3.5.3.1/mybatis-plus-3.5.3.1.jar:/Users/aiji/.m2/repository/com/baomidou/mybatis-plus-extension/3.5.3.1/mybatis-plus-extension-3.5.3.1.jar:/Users/aiji/.m2/repository/com/baomidou/mybatis-plus-core/3.5.3.1/mybatis-plus-core-3.5.3.1.jar:/Users/aiji/.m2/repository/com/baomidou/mybatis-plus-annotation/3.5.3.1/mybatis-plus-annotation-3.5.3.1.jar:/Users/aiji/.m2/repository/com/github/jsqlparser/jsqlparser/4.4/jsqlparser-4.4.jar:/Users/aiji/.m2/repository/org/mybatis/mybatis/3.5.10/mybatis-3.5.10.jar:/Users/aiji/.m2/repository/org/mybatis/mybatis-spring/2.0.7/mybatis-spring-2.0.7.jar:/Users/aiji/.m2/repository/org/springframework/boot/spring-boot-autoconfigure/3.0.7/spring-boot-autoconfigure-3.0.7.jar:/Users/aiji/.m2/repository/com/mysql/mysql-connector-j/8.0.33/mysql-connector-j-8.0.33.jar:/Users/aiji/.m2/repository/org/springframework/boot/spring-boot-starter-jdbc/3.0.7/spring-boot-starter-jdbc-3.0.7.jar:/Users/aiji/.m2/repository/com/zaxxer/HikariCP/5.0.1/HikariCP-5.0.1.jar:/Users/aiji/.m2/repository/org/springframework/spring-jdbc/6.0.9/spring-jdbc-6.0.9.jar:/Users/aiji/.m2/repository/org/springframework/spring-tx/6.0.9/spring-tx-6.0.9.jar:/Users/aiji/.m2/repository/cn/hutool/hutool-all/5.8.20/hutool-all-5.8.20.jar:/Users/aiji/.m2/repository/org/springframework/boot/spring-boot-starter-data-redis/3.0.7/spring-boot-starter-data-redis-3.0.7.jar:/Users/aiji/.m2/repository/org/springframework/data/spring-data-redis/3.0.6/spring-data-redis-3.0.6.jar:/Users/aiji/.m2/repository/org/springframework/data/spring-data-keyvalue/3.0.6/spring-data-keyvalue-3.0.6.jar:/Users/aiji/.m2/repository/org/springframework/data/spring-data-commons/3.0.6/spring-data-commons-3.0.6.jar:/Users/aiji/.m2/repository/org/springframework/spring-oxm/6.0.9/spring-oxm-6.0.9.jar:/Users/aiji/.m2/repository/org/springframework/spring-context-support/6.0.9/spring-context-support-6.0.9.jar:/Users/aiji/.m2/repository/io/lettuce/lettuce-core/6.2.4.RELEASE/lettuce-core-6.2.4.RELEASE.jar:/Users/aiji/.m2/repository/io/netty/netty-common/4.1.92.Final/netty-common-4.1.92.Final.jar:/Users/aiji/.m2/repository/io/netty/netty-handler/4.1.92.Final/netty-handler-4.1.92.Final.jar:/Users/aiji/.m2/repository/io/netty/netty-transport-native-unix-common/4.1.92.Final/netty-transport-native-unix-common-4.1.92.Final.jar:/Users/aiji/.m2/repository/io/netty/netty-transport/4.1.92.Final/netty-transport-4.1.92.Final.jar:/Users/aiji/.m2/repository/org/redisson/redisson-spring-boot-starter/3.21.3/redisson-spring-boot-starter-3.21.3.jar:/Users/aiji/.m2/repository/org/springframework/boot/spring-boot-starter-actuator/3.0.7/spring-boot-starter-actuator-3.0.7.jar:/Users/aiji/.m2/repository/org/springframework/boot/spring-boot-actuator-autoconfigure/3.0.7/spring-boot-actuator-autoconfigure-3.0.7.jar:/Users/aiji/.m2/repository/org/springframework/boot/spring-boot-actuator/3.0.7/spring-boot-actuator-3.0.7.jar:/Users/aiji/.m2/repository/io/micrometer/micrometer-core/1.10.7/micrometer-core-1.10.7.jar:/Users/aiji/.m2/repository/org/hdrhistogram/HdrHistogram/2.1.12/HdrHistogram-2.1.12.jar:/Users/aiji/.m2/repository/org/latencyutils/LatencyUtils/2.0.3/LatencyUtils-2.0.3.jar:/Users/aiji/.m2/repository/org/redisson/redisson/3.21.3/redisson-3.21.3.jar:/Users/aiji/.m2/repository/io/netty/netty-codec/4.1.92.Final/netty-codec-4.1.92.Final.jar:/Users/aiji/.m2/repository/io/netty/netty-buffer/4.1.92.Final/netty-buffer-4.1.92.Final.jar:/Users/aiji/.m2/repository/io/netty/netty-resolver/4.1.92.Final/netty-resolver-4.1.92.Final.jar:/Users/aiji/.m2/repository/io/netty/netty-resolver-dns/4.1.92.Final/netty-resolver-dns-4.1.92.Final.jar:/Users/aiji/.m2/repository/io/netty/netty-codec-dns/4.1.92.Final/netty-codec-dns-4.1.92.Final.jar:/Users/aiji/.m2/repository/javax/cache/cache-api/1.1.1/cache-api-1.1.1.jar:/Users/aiji/.m2/repository/org/reactivestreams/reactive-streams/1.0.4/reactive-streams-1.0.4.jar:/Users/aiji/.m2/repository/io/reactivex/rxjava3/rxjava/3.1.6/rxjava-3.1.6.jar:/Users/aiji/.m2/repository/org/jboss/marshalling/jboss-marshalling/2.0.11.Final/jboss-marshalling-2.0.11.Final.jar:/Users/aiji/.m2/repository/org/jboss/marshalling/jboss-marshalling-river/2.0.11.Final/jboss-marshalling-river-2.0.11.Final.jar:/Users/aiji/.m2/repository/com/esotericsoftware/kryo/5.5.0/kryo-5.5.0.jar:/Users/aiji/.m2/repository/com/esotericsoftware/reflectasm/1.11.9/reflectasm-1.11.9.jar:/Users/aiji/.m2/repository/org/objenesis/objenesis/3.3/objenesis-3.3.jar:/Users/aiji/.m2/repository/com/esotericsoftware/minlog/1.3.1/minlog-1.3.1.jar:/Users/aiji/.m2/repository/com/fasterxml/jackson/core/jackson-annotations/2.14.3/jackson-annotations-2.14.3.jar:/Users/aiji/.m2/repository/com/fasterxml/jackson/dataformat/jackson-dataformat-yaml/2.14.3/jackson-dataformat-yaml-2.14.3.jar:/Users/aiji/.m2/repository/com/fasterxml/jackson/core/jackson-core/2.14.3/jackson-core-2.14.3.jar:/Users/aiji/.m2/repository/net/bytebuddy/byte-buddy/1.12.23/byte-buddy-1.12.23.jar:/Users/aiji/.m2/repository/org/jodd/jodd-bean/5.1.6/jodd-bean-5.1.6.jar:/Users/aiji/.m2/repository/org/jodd/jodd-core/5.1.6/jodd-core-5.1.6.jar:/Users/aiji/.m2/repository/org/redisson/redisson-spring-data-30/3.21.3/redisson-spring-data-30-3.21.3.jar:/Users/aiji/.m2/repository/org/apache/shardingsphere/shardingsphere-jdbc-core/5.3.2/shardingsphere-jdbc-core-5.3.2.jar:/Users/aiji/.m2/repository/org/apache/shardingsphere/shardingsphere-transaction-core/5.3.2/shardingsphere-transaction-core-5.3.2.jar:/Users/aiji/.m2/repository/org/apache/shardingsphere/shardingsphere-transaction-api/5.3.2/shardingsphere-transaction-api-5.3.2.jar:/Users/aiji/.m2/repository/org/apache/shardingsphere/shardingsphere-infra-executor/5.3.2/shardingsphere-infra-executor-5.3.2.jar:/Users/aiji/.m2/repository/com/alibaba/transmittable-thread-local/2.14.2/transmittable-thread-local-2.14.2.jar:/Users/aiji/.m2/repository/org/apache/shardingsphere/shardingsphere-sql-parser-sql92/5.3.2/shardingsphere-sql-parser-sql92-5.3.2.jar:/Users/aiji/.m2/repository/org/apache/shardingsphere/shardingsphere-sql-parser-engine/5.3.2/shardingsphere-sql-parser-engine-5.3.2.jar:/Users/aiji/.m2/repository/org/apache/shardingsphere/shardingsphere-sql-parser-spi/5.3.2/shardingsphere-sql-parser-spi-5.3.2.jar:/Users/aiji/.m2/repository/org/apache/shardingsphere/shardingsphere-sql-parser-statement/5.3.2/shardingsphere-sql-parser-statement-5.3.2.jar:/Users/aiji/.m2/repository/org/antlr/antlr4-runtime/4.10.1/antlr4-runtime-4.10.1.jar:/Users/aiji/.m2/repository/com/github/ben-manes/caffeine/caffeine/3.1.6/caffeine-3.1.6.jar:/Users/aiji/.m2/repository/com/google/errorprone/error_prone_annotations/2.18.0/error_prone_annotations-2.18.0.jar:/Users/aiji/.m2/repository/org/apache/shardingsphere/shardingsphere-sql-parser-mysql/5.3.2/shardingsphere-sql-parser-mysql-5.3.2.jar:/Users/aiji/.m2/repository/org/apache/shardingsphere/shardingsphere-sql-parser-postgresql/5.3.2/shardingsphere-sql-parser-postgresql-5.3.2.jar:/Users/aiji/.m2/repository/org/apache/shardingsphere/shardingsphere-sql-parser-oracle/5.3.2/shardingsphere-sql-parser-oracle-5.3.2.jar:/Users/aiji/.m2/repository/org/apache/shardingsphere/shardingsphere-sql-parser-sqlserver/5.3.2/shardingsphere-sql-parser-sqlserver-5.3.2.jar:/Users/aiji/.m2/repository/org/apache/shardingsphere/shardingsphere-sql-parser-opengauss/5.3.2/shardingsphere-sql-parser-opengauss-5.3.2.jar:/Users/aiji/.m2/repository/org/apache/shardingsphere/shardingsphere-mysql-dialect-exception/5.3.2/shardingsphere-mysql-dialect-exception-5.3.2.jar:/Users/aiji/.m2/repository/org/apache/shardingsphere/shardingsphere-dialect-exception-core/5.3.2/shardingsphere-dialect-exception-core-5.3.2.jar:/Users/aiji/.m2/repository/org/apache/shardingsphere/shardingsphere-postgresql-dialect-exception/5.3.2/shardingsphere-postgresql-dialect-exception-5.3.2.jar:/Users/aiji/.m2/repository/org/apache/shardingsphere/shardingsphere-authority-core/5.3.2/shardingsphere-authority-core-5.3.2.jar:/Users/aiji/.m2/repository/org/apache/shardingsphere/shardingsphere-authority-api/5.3.2/shardingsphere-authority-api-5.3.2.jar:/Users/aiji/.m2/repository/org/apache/shardingsphere/shardingsphere-single-core/5.3.2/shardingsphere-single-core-5.3.2.jar:/Users/aiji/.m2/repository/org/apache/shardingsphere/shardingsphere-single-api/5.3.2/shardingsphere-single-api-5.3.2.jar:/Users/aiji/.m2/repository/org/apache/shardingsphere/shardingsphere-infra-route/5.3.2/shardingsphere-infra-route-5.3.2.jar:/Users/aiji/.m2/repository/org/apache/shardingsphere/shardingsphere-traffic-core/5.3.2/shardingsphere-traffic-core-5.3.2.jar:/Users/aiji/.m2/repository/org/apache/shardingsphere/shardingsphere-infra-common/5.3.2/shardingsphere-infra-common-5.3.2.jar:/Users/aiji/.m2/repository/org/apache/shardingsphere/shardingsphere-infra-util/5.3.2/shardingsphere-infra-util-5.3.2.jar:/Users/aiji/.m2/repository/org/apache/shardingsphere/shardingsphere-infra-util-groovy/5.3.2/shardingsphere-infra-util-groovy-5.3.2.jar:/Users/aiji/.m2/repository/org/apache/groovy/groovy/4.0.12/groovy-4.0.12.jar:/Users/aiji/.m2/repository/org/graalvm/truffle/truffle-api/21.2.0/truffle-api-21.2.0.jar:/Users/aiji/.m2/repository/org/graalvm/sdk/graal-sdk/21.2.0/graal-sdk-21.2.0.jar:/Users/aiji/.m2/repository/org/apache/shardingsphere/shardingsphere-infra-binder/5.3.2/shardingsphere-infra-binder-5.3.2.jar:/Users/aiji/.m2/repository/org/apache/shardingsphere/shardingsphere-traffic-api/5.3.2/shardingsphere-traffic-api-5.3.2.jar:/Users/aiji/.m2/repository/org/apache/shardingsphere/shardingsphere-infra-context/5.3.2/shardingsphere-infra-context-5.3.2.jar:/Users/aiji/.m2/repository/org/apache/shardingsphere/shardingsphere-distsql-parser/5.3.2/shardingsphere-distsql-parser-5.3.2.jar:/Users/aiji/.m2/repository/org/apache/shardingsphere/shardingsphere-distsql-statement/5.3.2/shardingsphere-distsql-statement-5.3.2.jar:/Users/aiji/.m2/repository/org/apache/shardingsphere/shardingsphere-metadata-core/5.3.2/shardingsphere-metadata-core-5.3.2.jar:/Users/aiji/.m2/repository/org/apache/shardingsphere/shardingsphere-sql-translator-core/5.3.2/shardingsphere-sql-translator-core-5.3.2.jar:/Users/aiji/.m2/repository/org/apache/shardingsphere/shardingsphere-sql-translator-api/5.3.2/shardingsphere-sql-translator-api-5.3.2.jar:/Users/aiji/.m2/repository/org/apache/shardingsphere/shardingsphere-standalone-mode-core/5.3.2/shardingsphere-standalone-mode-core-5.3.2.jar:/Users/aiji/.m2/repository/org/apache/shardingsphere/shardingsphere-mode-core/5.3.2/shardingsphere-mode-core-5.3.2.jar:/Users/aiji/.m2/repository/org/apache/shardingsphere/shardingsphere-standalone-mode-repository-api/5.3.2/shardingsphere-standalone-mode-repository-api-5.3.2.jar:/Users/aiji/.m2/repository/org/apache/shardingsphere/shardingsphere-standalone-mode-repository-jdbc-h2/5.3.2/shardingsphere-standalone-mode-repository-jdbc-h2-5.3.2.jar:/Users/aiji/.m2/repository/org/apache/shardingsphere/shardingsphere-standalone-mode-repository-jdbc-core/5.3.2/shardingsphere-standalone-mode-repository-jdbc-core-5.3.2.jar:/Users/aiji/.m2/repository/org/apache/shardingsphere/shardingsphere-cluster-mode-core/5.3.2/shardingsphere-cluster-mode-core-5.3.2.jar:/Users/aiji/.m2/repository/org/apache/shardingsphere/shardingsphere-cluster-mode-repository-api/5.3.2/shardingsphere-cluster-mode-repository-api-5.3.2.jar:/Users/aiji/.m2/repository/org/apache/shardingsphere/shardingsphere-sharding-core/5.3.2/shardingsphere-sharding-core-5.3.2.jar:/Users/aiji/.m2/repository/org/apache/shardingsphere/shardingsphere-sharding-api/5.3.2/shardingsphere-sharding-api-5.3.2.jar:/Users/aiji/.m2/repository/org/apache/shardingsphere/shardingsphere-data-pipeline-api/5.3.2/shardingsphere-data-pipeline-api-5.3.2.jar:/Users/aiji/.m2/repository/org/apache/commons/commons-lang3/3.12.0/commons-lang3-3.12.0.jar:/Users/aiji/.m2/repository/org/apache/shardingsphere/shardingsphere-infra-rewrite/5.3.2/shardingsphere-infra-rewrite-5.3.2.jar:/Users/aiji/.m2/repository/org/apache/shardingsphere/shardingsphere-sql-translator-native-provider/5.3.2/shardingsphere-sql-translator-native-provider-5.3.2.jar:/Users/aiji/.m2/repository/org/apache/shardingsphere/shardingsphere-infra-merge/5.3.2/shardingsphere-infra-merge-5.3.2.jar:/Users/aiji/.m2/repository/org/apache/calcite/calcite-linq4j/1.32.0/calcite-linq4j-1.32.0.jar:/Users/aiji/.m2/repository/org/apiguardian/apiguardian-api/1.1.2/apiguardian-api-1.1.2.jar:/Users/aiji/.m2/repository/org/apache/calcite/avatica/avatica-core/1.22.0/avatica-core-1.22.0.jar:/Users/aiji/.m2/repository/org/apache/calcite/avatica/avatica-metrics/1.22.0/avatica-metrics-1.22.0.jar:/Users/aiji/.m2/repository/com/google/protobuf/protobuf-java/3.17.1/protobuf-java-3.17.1.jar:/Users/aiji/.m2/repository/org/apache/httpcomponents/client5/httpclient5/5.1.4/httpclient5-5.1.4.jar:/Users/aiji/.m2/repository/org/apache/httpcomponents/core5/httpcore5-h2/5.1.5/httpcore5-h2-5.1.5.jar:/Users/aiji/.m2/repository/org/apache/httpcomponents/core5/httpcore5/5.1.5/httpcore5-5.1.5.jar:/Users/aiji/.m2/repository/org/apache/shardingsphere/shardingsphere-time-service-core/5.3.2/shardingsphere-time-service-core-5.3.2.jar:/Users/aiji/.m2/repository/org/apache/shardingsphere/shardingsphere-time-service-api/5.3.2/shardingsphere-time-service-api-5.3.2.jar:/Users/aiji/.m2/repository/org/apache/shardingsphere/shardingsphere-system-time-service/5.3.2/shardingsphere-system-time-service-5.3.2.jar:/Users/aiji/.m2/repository/org/apache/shardingsphere/shardingsphere-sharding-cosid/5.3.2/shardingsphere-sharding-cosid-5.3.2.jar:/Users/aiji/.m2/repository/me/ahoo/cosid/cosid-core/1.16.0/cosid-core-1.16.0.jar:/Users/aiji/.m2/repository/org/apache/shardingsphere/shardingsphere-sharding-nanoid/5.3.2/shardingsphere-sharding-nanoid-5.3.2.jar:/Users/aiji/.m2/repository/com/aventrix/jnanoid/jnanoid/2.0.0/jnanoid-2.0.0.jar:/Users/aiji/.m2/repository/org/apache/shardingsphere/shardingsphere-sharding-cache/5.3.2/shardingsphere-sharding-cache-5.3.2.jar:/Users/aiji/.m2/repository/org/apache/shardingsphere/shardingsphere-readwrite-splitting-core/5.3.2/shardingsphere-readwrite-splitting-core-5.3.2.jar:/Users/aiji/.m2/repository/org/apache/shardingsphere/shardingsphere-readwrite-splitting-api/5.3.2/shardingsphere-readwrite-splitting-api-5.3.2.jar:/Users/aiji/.m2/repository/org/apache/shardingsphere/shardingsphere-db-discovery-core/5.3.2/shardingsphere-db-discovery-core-5.3.2.jar:/Users/aiji/.m2/repository/org/apache/shardingsphere/shardingsphere-db-discovery-api/5.3.2/shardingsphere-db-discovery-api-5.3.2.jar:/Users/aiji/.m2/repository/org/apache/shardingsphere/shardingsphere-db-discovery-mysql/5.3.2/shardingsphere-db-discovery-mysql-5.3.2.jar:/Users/aiji/.m2/repository/org/apache/shardingsphere/shardingsphere-db-discovery-opengauss/5.3.2/shardingsphere-db-discovery-opengauss-5.3.2.jar:/Users/aiji/.m2/repository/org/apache/shardingsphere/shardingsphere-schedule-core/5.3.2/shardingsphere-schedule-core-5.3.2.jar:/Users/aiji/.m2/repository/org/apache/shardingsphere/elasticjob/elasticjob-lite-core/3.0.2/elasticjob-lite-core-3.0.2.jar:/Users/aiji/.m2/repository/org/apache/shardingsphere/elasticjob/elasticjob-api/3.0.2/elasticjob-api-3.0.2.jar:/Users/aiji/.m2/repository/org/apache/shardingsphere/elasticjob/elasticjob-infra-common/3.0.2/elasticjob-infra-common-3.0.2.jar:/Users/aiji/.m2/repository/org/apache/shardingsphere/elasticjob/elasticjob-registry-center-api/3.0.2/elasticjob-registry-center-api-3.0.2.jar:/Users/aiji/.m2/repository/org/apache/shardingsphere/elasticjob/elasticjob-registry-center-zookeeper-curator/3.0.2/elasticjob-registry-center-zookeeper-curator-3.0.2.jar:/Users/aiji/.m2/repository/org/apache/curator/curator-framework/5.1.0/curator-framework-5.1.0.jar:/Users/aiji/.m2/repository/org/apache/curator/curator-client/5.1.0/curator-client-5.1.0.jar:/Users/aiji/.m2/repository/org/apache/zookeeper/zookeeper/3.6.0/zookeeper-3.6.0.jar:/Users/aiji/.m2/repository/org/apache/zookeeper/zookeeper-jute/3.6.0/zookeeper-jute-3.6.0.jar:/Users/aiji/.m2/repository/org/apache/yetus/audience-annotations/0.5.0/audience-annotations-0.5.0.jar:/Users/aiji/.m2/repository/io/netty/netty-transport-native-epoll/4.1.92.Final/netty-transport-native-epoll-4.1.92.Final.jar:/Users/aiji/.m2/repository/io/netty/netty-transport-classes-epoll/4.1.92.Final/netty-transport-classes-epoll-4.1.92.Final.jar:/Users/aiji/.m2/repository/log4j/log4j/1.2.17/log4j-1.2.17.jar:/Users/aiji/.m2/repository/org/apache/curator/curator-recipes/5.1.0/curator-recipes-5.1.0.jar:/Users/aiji/.m2/repository/org/apache/shardingsphere/elasticjob/elasticjob-simple-executor/3.0.2/elasticjob-simple-executor-3.0.2.jar:/Users/aiji/.m2/repository/org/apache/shardingsphere/elasticjob/elasticjob-executor-kernel/3.0.2/elasticjob-executor-kernel-3.0.2.jar:/Users/aiji/.m2/repository/org/apache/shardingsphere/elasticjob/elasticjob-error-handler-general/3.0.2/elasticjob-error-handler-general-3.0.2.jar:/Users/aiji/.m2/repository/org/apache/shardingsphere/elasticjob/elasticjob-error-handler-spi/3.0.2/elasticjob-error-handler-spi-3.0.2.jar:/Users/aiji/.m2/repository/org/apache/shardingsphere/elasticjob/elasticjob-dataflow-executor/3.0.2/elasticjob-dataflow-executor-3.0.2.jar:/Users/aiji/.m2/repository/org/apache/shardingsphere/elasticjob/elasticjob-script-executor/3.0.2/elasticjob-script-executor-3.0.2.jar:/Users/aiji/.m2/repository/org/apache/commons/commons-exec/1.3/commons-exec-1.3.jar:/Users/aiji/.m2/repository/org/apache/shardingsphere/elasticjob/elasticjob-http-executor/3.0.2/elasticjob-http-executor-3.0.2.jar:/Users/aiji/.m2/repository/org/apache/shardingsphere/elasticjob/elasticjob-tracing-rdb/3.0.2/elasticjob-tracing-rdb-3.0.2.jar:/Users/aiji/.m2/repository/org/apache/shardingsphere/elasticjob/elasticjob-tracing-api/3.0.2/elasticjob-tracing-api-3.0.2.jar:/Users/aiji/.m2/repository/org/quartz-scheduler/quartz/2.3.2/quartz-2.3.2.jar:/Users/aiji/.m2/repository/com/mchange/mchange-commons-java/0.2.15/mchange-commons-java-0.2.15.jar:/Users/aiji/.m2/repository/org/apache/shardingsphere/elasticjob/elasticjob-lite-lifecycle/3.0.2/elasticjob-lite-lifecycle-3.0.2.jar:/Users/aiji/.m2/repository/org/apache/shardingsphere/shardingsphere-encrypt-core/5.3.2/shardingsphere-encrypt-core-5.3.2.jar:/Users/aiji/.m2/repository/org/apache/shardingsphere/shardingsphere-encrypt-api/5.3.2/shardingsphere-encrypt-api-5.3.2.jar:/Users/aiji/.m2/repository/commons-codec/commons-codec/1.15/commons-codec-1.15.jar:/Users/aiji/.m2/repository/org/apache/shardingsphere/shardingsphere-encrypt-sm/5.3.2/shardingsphere-encrypt-sm-5.3.2.jar:/Users/aiji/.m2/repository/org/bouncycastle/bcprov-jdk15on/1.70/bcprov-jdk15on-1.70.jar:/Users/aiji/.m2/repository/org/apache/shardingsphere/shardingsphere-mask-core/5.3.2/shardingsphere-mask-core-5.3.2.jar:/Users/aiji/.m2/repository/org/apache/shardingsphere/shardingsphere-mask-api/5.3.2/shardingsphere-mask-api-5.3.2.jar:/Users/aiji/.m2/repository/org/apache/shardingsphere/shardingsphere-shadow-core/5.3.2/shardingsphere-shadow-core-5.3.2.jar:/Users/aiji/.m2/repository/org/apache/shardingsphere/shardingsphere-shadow-api/5.3.2/shardingsphere-shadow-api-5.3.2.jar:/Users/aiji/.m2/repository/org/apache/shardingsphere/shardingsphere-sql-federation-core/5.3.2/shardingsphere-sql-federation-core-5.3.2.jar:/Users/aiji/.m2/repository/org/apache/shardingsphere/shardingsphere-sql-federation-api/5.3.2/shardingsphere-sql-federation-api-5.3.2.jar:/Users/aiji/.m2/repository/org/apache/shardingsphere/shardingsphere-sql-federation-executor-advanced/5.3.2/shardingsphere-sql-federation-executor-advanced-5.3.2.jar:/Users/aiji/.m2/repository/org/apache/shardingsphere/shardingsphere-sql-federation-executor-core/5.3.2/shardingsphere-sql-federation-executor-core-5.3.2.jar:/Users/aiji/.m2/repository/org/apache/shardingsphere/shardingsphere-sql-federation-optimizer/5.3.2/shardingsphere-sql-federation-optimizer-5.3.2.jar:/Users/aiji/.m2/repository/org/apache/calcite/calcite-core/1.32.0/calcite-core-1.32.0.jar:/Users/aiji/.m2/repository/org/locationtech/jts/jts-core/1.19.0/jts-core-1.19.0.jar:/Users/aiji/.m2/repository/org/locationtech/jts/io/jts-io-common/1.19.0/jts-io-common-1.19.0.jar:/Users/aiji/.m2/repository/com/googlecode/json-simple/json-simple/1.1.1/json-simple-1.1.1.jar:/Users/aiji/.m2/repository/org/locationtech/proj4j/proj4j/1.1.5/proj4j-1.1.5.jar:/Users/aiji/.m2/repository/com/google/uzaygezen/uzaygezen-core/0.2/uzaygezen-core-0.2.jar:/Users/aiji/.m2/repository/com/jayway/jsonpath/json-path/2.7.0/json-path-2.7.0.jar:/Users/aiji/.m2/repository/net/minidev/json-smart/2.4.11/json-smart-2.4.11.jar:/Users/aiji/.m2/repository/net/minidev/accessors-smart/2.4.11/accessors-smart-2.4.11.jar:/Users/aiji/.m2/repository/org/ow2/asm/asm/9.3/asm-9.3.jar:/Users/aiji/.m2/repository/com/yahoo/datasketches/sketches-core/0.9.0/sketches-core-0.9.0.jar:/Users/aiji/.m2/repository/com/yahoo/datasketches/memory/0.9.0/memory-0.9.0.jar:/Users/aiji/.m2/repository/net/hydromatic/aggdesigner-algorithm/6.0/aggdesigner-algorithm-6.0.jar:/Users/aiji/.m2/repository/commons-lang/commons-lang/2.4/commons-lang-2.4.jar:/Users/aiji/.m2/repository/commons-logging/commons-logging/1.1.3/commons-logging-1.1.3.jar:/Users/aiji/.m2/repository/org/apache/commons/commons-dbcp2/2.9.0/commons-dbcp2-2.9.0.jar:/Users/aiji/.m2/repository/org/apache/commons/commons-pool2/2.11.1/commons-pool2-2.11.1.jar:/Users/aiji/.m2/repository/commons-io/commons-io/2.11.0/commons-io-2.11.0.jar:/Users/aiji/.m2/repository/org/codehaus/janino/commons-compiler/3.1.9/commons-compiler-3.1.9.jar:/Users/aiji/.m2/repository/org/codehaus/janino/janino/3.1.9/janino-3.1.9.jar:/Users/aiji/.m2/repository/com/google/code/gson/gson/2.9.1/gson-2.9.1.jar:/Users/aiji/.m2/repository/org/apache/shardingsphere/shardingsphere-sql-federation-executor-original/5.3.2/shardingsphere-sql-federation-executor-original-5.3.2.jar:/Users/aiji/.m2/repository/org/apache/shardingsphere/shardingsphere-parser-core/5.3.2/shardingsphere-parser-core-5.3.2.jar:/Users/aiji/.m2/repository/org/apache/shardingsphere/shardingsphere-parser-api/5.3.2/shardingsphere-parser-api-5.3.2.jar:/Users/aiji/.m2/repository/org/apache/shardingsphere/shardingsphere-infra-parser/5.3.2/shardingsphere-infra-parser-5.3.2.jar:/Users/aiji/.m2/repository/org/apache/shardingsphere/shardingsphere-logging-core/5.3.2/shardingsphere-logging-core-5.3.2.jar:/Users/aiji/.m2/repository/org/apache/shardingsphere/shardingsphere-logging-api/5.3.2/shardingsphere-logging-api-5.3.2.jar:/Users/aiji/.m2/repository/ch/qos/logback/logback-classic/1.4.7/logback-classic-1.4.7.jar:/Users/aiji/.m2/repository/ch/qos/logback/logback-core/1.4.7/logback-core-1.4.7.jar:/Users/aiji/.m2/repository/org/apache/commons/commons-collections4/4.4/commons-collections4-4.4.jar:/Users/aiji/.m2/repository/com/h2database/h2/2.1.214/h2-2.1.214.jar:/Users/aiji/.m2/repository/com/google/guava/guava/30.0-jre/guava-30.0-jre.jar:/Users/aiji/.m2/repository/com/google/guava/failureaccess/1.0.1/failureaccess-1.0.1.jar:/Users/aiji/.m2/repository/com/google/code/findbugs/jsr305/3.0.2/jsr305-3.0.2.jar:/Users/aiji/.m2/repository/org/checkerframework/checker-qual/3.5.0/checker-qual-3.5.0.jar:/Users/aiji/.m2/repository/org/slf4j/slf4j-api/2.0.7/slf4j-api-2.0.7.jar:/Users/aiji/.m2/repository/org/slf4j/jcl-over-slf4j/2.0.7/jcl-over-slf4j-2.0.7.jar:/Users/aiji/.m2/repository/org/slf4j/jul-to-slf4j/2.0.7/jul-to-slf4j-2.0.7.jar:/Users/aiji/.m2/repository/com/alibaba/fastjson2/fastjson2/2.0.36/fastjson2-2.0.36.jar:/Users/aiji/.m2/repository/com/alibaba/easyexcel/3.1.3/easyexcel-3.1.3.jar:/Users/aiji/.m2/repository/com/alibaba/easyexcel-core/3.1.3/easyexcel-core-3.1.3.jar:/Users/aiji/.m2/repository/com/alibaba/easyexcel-support/3.1.3/easyexcel-support-3.1.3.jar:/Users/aiji/.m2/repository/org/apache/poi/poi/4.1.2/poi-4.1.2.jar:/Users/aiji/.m2/repository/org/apache/commons/commons-math3/3.6.1/commons-math3-3.6.1.jar:/Users/aiji/.m2/repository/com/zaxxer/SparseBitSet/1.2/SparseBitSet-1.2.jar:/Users/aiji/.m2/repository/org/apache/poi/poi-ooxml/4.1.2/poi-ooxml-4.1.2.jar:/Users/aiji/.m2/repository/org/apache/commons/commons-compress/1.19/commons-compress-1.19.jar:/Users/aiji/.m2/repository/com/github/virtuald/curvesapi/1.06/curvesapi-1.06.jar:/Users/aiji/.m2/repository/org/apache/poi/poi-ooxml-schemas/4.1.2/poi-ooxml-schemas-4.1.2.jar:/Users/aiji/.m2/repository/org/apache/xmlbeans/xmlbeans/3.1.0/xmlbeans-3.1.0.jar:/Users/aiji/.m2/repository/org/apache/commons/commons-csv/1.8/commons-csv-1.8.jar:/Users/aiji/.m2/repository/org/ehcache/ehcache/3.9.9/ehcache-3.9.9.jar:/Users/aiji/.m2/repository/com/alibaba/cloud/spring-cloud-starter-alibaba-nacos-discovery/2022.0.0.0-RC2/spring-cloud-starter-alibaba-nacos-discovery-2022.0.0.0-RC2.jar:/Users/aiji/.m2/repository/com/alibaba/cloud/spring-cloud-alibaba-commons/2022.0.0.0-RC2/spring-cloud-alibaba-commons-2022.0.0.0-RC2.jar:/Users/aiji/.m2/repository/com/alibaba/nacos/nacos-client/2.2.1/nacos-client-2.2.1.jar:/Users/aiji/.m2/repository/com/alibaba/nacos/nacos-auth-plugin/2.2.1/nacos-auth-plugin-2.2.1.jar:/Users/aiji/.m2/repository/com/alibaba/nacos/nacos-encryption-plugin/2.2.1/nacos-encryption-plugin-2.2.1.jar:/Users/aiji/.m2/repository/org/apache/httpcomponents/httpasyncclient/4.1.5/httpasyncclient-4.1.5.jar:/Users/aiji/.m2/repository/org/apache/httpcomponents/httpcore/4.4.16/httpcore-4.4.16.jar:/Users/aiji/.m2/repository/org/apache/httpcomponents/httpcore-nio/4.4.16/httpcore-nio-4.4.16.jar:/Users/aiji/.m2/repository/org/apache/httpcomponents/httpclient/4.5.14/httpclient-4.5.14.jar:/Users/aiji/.m2/repository/io/prometheus/simpleclient/0.16.0/simpleclient-0.16.0.jar:/Users/aiji/.m2/repository/io/prometheus/simpleclient_tracer_otel/0.16.0/simpleclient_tracer_otel-0.16.0.jar:/Users/aiji/.m2/repository/io/prometheus/simpleclient_tracer_common/0.16.0/simpleclient_tracer_common-0.16.0.jar:/Users/aiji/.m2/repository/io/prometheus/simpleclient_tracer_otel_agent/0.16.0/simpleclient_tracer_otel_agent-0.16.0.jar:/Users/aiji/.m2/repository/com/alibaba/spring/spring-context-support/1.0.11/spring-context-support-1.0.11.jar:/Users/aiji/.m2/repository/org/springframework/cloud/spring-cloud-commons/4.0.3/spring-cloud-commons-4.0.3.jar:/Users/aiji/.m2/repository/org/springframework/security/spring-security-crypto/6.0.3/spring-security-crypto-6.0.3.jar:/Users/aiji/.m2/repository/org/springframework/cloud/spring-cloud-context/4.0.3/spring-cloud-context-4.0.3.jar:/Users/aiji/.m2/repository/org/springframework/cloud/spring-cloud-starter-openfeign/4.0.3/spring-cloud-starter-openfeign-4.0.3.jar:/Users/aiji/.m2/repository/org/springframework/cloud/spring-cloud-starter/4.0.3/spring-cloud-starter-4.0.3.jar:/Users/aiji/.m2/repository/org/springframework/security/spring-security-rsa/1.0.11.RELEASE/spring-security-rsa-1.0.11.RELEASE.jar:/Users/aiji/.m2/repository/org/bouncycastle/bcpkix-jdk15on/1.69/bcpkix-jdk15on-1.69.jar:/Users/aiji/.m2/repository/org/bouncycastle/bcutil-jdk15on/1.69/bcutil-jdk15on-1.69.jar:/Users/aiji/.m2/repository/org/springframework/cloud/spring-cloud-openfeign-core/4.0.3/spring-cloud-openfeign-core-4.0.3.jar:/Users/aiji/.m2/repository/org/springframework/boot/spring-boot-starter-aop/3.0.7/spring-boot-starter-aop-3.0.7.jar:/Users/aiji/.m2/repository/org/aspectj/aspectjweaver/1.9.19/aspectjweaver-1.9.19.jar:/Users/aiji/.m2/repository/io/github/openfeign/form/feign-form-spring/3.8.0/feign-form-spring-3.8.0.jar:/Users/aiji/.m2/repository/io/github/openfeign/form/feign-form/3.8.0/feign-form-3.8.0.jar:/Users/aiji/.m2/repository/commons-fileupload/commons-fileupload/1.4/commons-fileupload-1.4.jar:/Users/aiji/.m2/repository/io/github/openfeign/feign-core/12.3/feign-core-12.3.jar:/Users/aiji/.m2/repository/io/github/openfeign/feign-slf4j/12.3/feign-slf4j-12.3.jar:/Users/aiji/.m2/repository/org/springframework/cloud/spring-cloud-loadbalancer/4.0.3/spring-cloud-loadbalancer-4.0.3.jar:/Users/aiji/.m2/repository/io/projectreactor/reactor-core/3.5.6/reactor-core-3.5.6.jar:/Users/aiji/.m2/repository/io/projectreactor/addons/reactor-extra/3.5.1/reactor-extra-3.5.1.jar:/Users/aiji/.m2/repository/org/projectlombok/lombok/1.18.26/lombok-1.18.26.jar:"/>
    <property name="sun.cpu.endian" value="little"/>
    <property name="user.home" value="/Users/aiji"/>
    <property name="user.language" value="zh"/>
    <property name="java.specification.vendor" value="Oracle Corporation"/>
    <property name="java.version.date" value="2024-07-16"/>
    <property name="java.home" value="/Users/aiji/Library/Java/JavaVirtualMachines/azul-17.0.12/Contents/Home"/>
    <property name="file.separator" value="/"/>
    <property name="basedir" value="/Users/aiji/Desktop/github-repo/shortlink/shortlink/admin"/>
    <property name="java.vm.compressedOopsMode" value="Zero based"/>
    <property name="line.separator" value="&#10;"/>
    <property name="java.specification.name" value="Java Platform API Specification"/>
    <property name="java.vm.specification.vendor" value="Oracle Corporation"/>
    <property name="surefire.real.class.path" value="/Users/aiji/Desktop/github-repo/shortlink/shortlink/admin/target/surefire/surefirebooter-20240928165038534_3.jar"/>
    <property name="user.script" value="Hans"/>
    <property name="sun.management.compiler" value="HotSpot 64-Bit Tiered Compilers"/>
    <property name="java.runtime.version" value="17.0.12+7-LTS"/>
    <property name="user.name" value="aiji"/>
    <property name="path.separator" value=":"/>
    <property name="os.version" value="14.5"/>
    <property name="java.runtime.name" value="OpenJDK Runtime Environment"/>
    <property name="file.encoding" value="UTF-8"/>
    <property name="java.vm.name" value="OpenJDK 64-Bit Server VM"/>
    <property name="java.vendor.version" value="Zulu17.52+17-CA"/>
    <property name="localRepository" value="/Users/aiji/.m2/repository"/>
    <property name="java.vendor.url.bug" value="http://www.azul.com/support/"/>
    <property name="java.io.tmpdir" value="/var/folders/k_/4syw3v793c5gzhqxwv2hn9sm0000gn/T/"/>
    <property name="idea.version" value="2023.3.6"/>
    <property name="java.version" value="17.0.12"/>
    <property name="user.dir" value="/Users/aiji/Desktop/github-repo/shortlink/shortlink/admin"/>
    <property name="os.arch" value="aarch64"/>
    <property name="java.vm.specification.name" value="Java Virtual Machine Specification"/>
    <property name="native.encoding" value="UTF-8"/>
    <property name="java.library.path" value="/Users/aiji/Library/Java/Extensions:/Library/Java/Extensions:/Network/Library/Java/Extensions:/System/Library/Java/Extensions:/usr/lib/java:."/>
    <property name="java.vm.info" value="mixed mode, sharing"/>
    <property name="java.vendor" value="Azul Systems, Inc."/>
    <property name="java.vm.version" value="17.0.12+7-LTS"/>
    <property name="sun.io.unicode.encoding" value="UnicodeBig"/>
    <property name="java.class.version" value="61.0"/>
  </properties>
</testsuite>